2024-09-03 21:07:35 INFO  Root:85 - Web Base Program Start
2024-09-03 21:07:35 INFO  Root:220 - Connect Database Error !!!
2024-09-03 21:07:35 INFO  Root:220 - Connect Database Error !!!
2024-09-03 21:07:35 INFO  Root:243 - readDatabaseToPara !!!
2024-09-03 21:07:35 INFO  Root:220 - Connect Database Error !!!
2024-09-03 21:07:35 INFO  Root:275 - editNewDb Error !!!
2024-09-03 21:11:43 INFO  Root:85 - Web Base Program Start
2024-09-03 21:11:43 INFO  Root:220 - Connect Database Error !!!
2024-09-03 21:11:43 INFO  Root:220 - Connect Database Error !!!
2024-09-03 21:11:43 INFO  Root:243 - readDatabaseToPara !!!
2024-09-03 21:11:43 INFO  Root:220 - Connect Database Error !!!
2024-09-03 21:11:43 INFO  Root:275 - editNewDb Error !!!
2024-09-03 21:14:30 INFO  Root:85 - Web Base Program Start
2024-09-03 21:14:30 INFO  Root:220 - Connect Database Error !!!
2024-09-03 21:14:30 INFO  Root:220 - Connect Database Error !!!
2024-09-03 21:14:30 INFO  Root:243 - readDatabaseToPara !!!
2024-09-03 21:14:30 INFO  Root:220 - Connect Database Error !!!
2024-09-03 21:14:30 INFO  Root:275 - editNewDb Error !!!
2024-09-03 21:15:17 INFO  Root:85 - Web Base Program Start
2024-09-03 21:17:04 INFO  Root:220 - Connect Database Error !!!
2024-09-03 21:17:04 INFO  Root:220 - Connect Database Error !!!
2024-09-03 21:17:04 INFO  Root:243 - readDatabaseToPara !!!
2024-09-03 21:17:04 INFO  Root:220 - Connect Database Error !!!
2024-09-03 21:17:04 INFO  Root:275 - editNewDb Error !!!
2024-09-03 21:17:15 INFO  Root:85 - Web Base Program Start
2024-09-03 21:17:38 INFO  Root:221 - Connect Database Error !!!
2024-09-03 21:20:07 INFO  Root:221 - Connect Database Error !!!
2024-09-03 21:20:07 INFO  Root:244 - readDatabaseToPara !!!
2024-09-03 21:20:07 INFO  Root:221 - Connect Database Error !!!
2024-09-03 21:20:07 INFO  Root:276 - editNewDb Error !!!
2024-09-03 21:21:27 INFO  Root:85 - Web Base Program Start
2024-09-03 21:21:41 INFO  Root:220 - Connect Database Error !!!
2024-09-03 21:21:44 INFO  Root:220 - Connect Database Error !!!
2024-09-03 21:21:44 INFO  Root:243 - readDatabaseToPara !!!
2024-09-03 21:21:44 INFO  Root:220 - Connect Database Error !!!
2024-09-03 21:21:44 INFO  Root:275 - editNewDb Error !!!
2024-09-03 21:31:25 INFO  Root:84 - Web Base Program Start
2024-09-03 21:32:27 INFO  Root:84 - Web Base Program Start
2024-09-03 21:34:41 INFO  Root:84 - Web Base Program Start
2024-09-03 21:39:52 INFO  Root:84 - Web Base Program Start
2024-09-03 21:42:05 INFO  Root:84 - Web Base Program Start
2024-09-03 21:58:40 INFO  Root:84 - Web Base Program Start
2024-09-03 22:18:55 INFO  Root:84 - Web Base Program Start
2024-09-04 06:42:37 INFO  Root:84 - Web Base Program Start
2024-09-08 12:24:02 INFO  Root:84 - Web Base Program Start
2024-09-08 20:25:16 INFO  Root:84 - Web Base Program Start
2024-09-14 08:20:24 INFO  Root:84 - Web Base Program Start
2024-09-15 14:06:26 INFO  Root:84 - Web Base Program Start
2024-09-23 20:31:29 INFO  Root:84 - Web Base Program Start
2024-09-28 11:39:34 INFO  Root:84 - Web Base Program Start
2024-09-29 08:56:51 INFO  Root:84 - Web Base Program Start
2024-09-29 12:53:42 INFO  Root:84 - Web Base Program Start
2024-10-02 17:52:58 INFO  Root:84 - Web Base Program Start
2024-10-02 17:55:49 INFO  Root:84 - Web Base Program Start
2024-10-02 18:01:09 INFO  Root:84 - Web Base Program Start
2024-10-02 18:20:04 INFO  Root:84 - Web Base Program Start
2024-10-08 22:14:42 INFO  Root:84 - Web Base Program Start
2024-10-10 08:17:48 INFO  Root:84 - Web Base Program Start
2024-10-10 09:01:58 INFO  Root:84 - Web Base Program Start
2024-10-14 22:16:39 INFO  Root:84 - Web Base Program Start
2024-10-15 23:45:33 INFO  Root:84 - Web Base Program Start
2024-10-20 17:19:38 INFO  Root:84 - Web Base Program Start
2024-11-06 11:59:52 INFO  Root:84 - Web Base Program Start
2024-11-06 12:03:51 INFO  Root:84 - Web Base Program Start
2024-11-06 12:43:11 INFO  Root:84 - Web Base Program Start
2024-11-06 12:44:09 INFO  Root:84 - Web Base Program Start
2024-11-06 12:45:38 INFO  Root:84 - Web Base Program Start
2024-11-06 12:47:16 INFO  Root:84 - Web Base Program Start
2024-11-06 12:49:18 INFO  Root:84 - Web Base Program Start
2024-11-06 12:51:29 INFO  Root:84 - Web Base Program Start
2024-11-09 14:01:19 INFO  Root:84 - Web Base Program Start
2024-11-09 15:30:27 INFO  Root:84 - Web Base Program Start
2024-11-09 20:20:38 INFO  Root:84 - Web Base Program Start
2024-11-09 20:37:36 INFO  Root:84 - Web Base Program Start
2024-11-09 20:44:40 INFO  Root:84 - Web Base Program Start
2024-11-09 21:55:40 INFO  Root:84 - Web Base Program Start
2024-11-09 21:57:38 INFO  Root:84 - Web Base Program Start
2024-11-09 21:57:39 INFO  Root:84 - Web Base Program Start
2024-11-21 21:29:41 INFO  Root:84 - Web Base Program Start
2024-11-21 21:30:32 INFO  Root:84 - Web Base Program Start
2024-11-21 22:10:07 INFO  Root:84 - Web Base Program Start
2024-11-21 22:11:26 INFO  Root:84 - Web Base Program Start
2024-11-21 22:12:44 INFO  Root:84 - Web Base Program Start
2024-11-22 07:00:12 INFO  Root:84 - Web Base Program Start
2024-11-22 07:29:51 INFO  Root:84 - Web Base Program Start
2024-11-22 07:35:20 INFO  Root:84 - Web Base Program Start
2024-11-22 07:38:01 INFO  Root:84 - Web Base Program Start
2024-11-22 07:39:16 INFO  Root:84 - Web Base Program Start
2024-11-22 07:40:10 INFO  Root:84 - Web Base Program Start
2024-11-22 07:48:51 INFO  Root:84 - Web Base Program Start
2024-11-22 07:53:15 INFO  Root:84 - Web Base Program Start
2024-11-22 07:54:51 INFO  Root:84 - Web Base Program Start
2024-11-22 07:58:26 INFO  Root:84 - Web Base Program Start
2024-11-24 08:53:14 INFO  Root:84 - Web Base Program Start
2024-11-24 08:56:10 INFO  Root:84 - Web Base Program Start
2024-11-24 09:20:35 INFO  Root:84 - Web Base Program Start
2024-11-24 09:26:38 INFO  Root:84 - Web Base Program Start
2024-11-24 09:37:16 INFO  Root:84 - Web Base Program Start
2024-11-24 10:52:35 INFO  Root:84 - Web Base Program Start
2024-11-24 10:57:31 INFO  Root:84 - Web Base Program Start
2024-11-25 09:56:23 INFO  Root:84 - Web Base Program Start
2024-11-25 10:03:16 INFO  Root:84 - Web Base Program Start
2024-11-25 10:05:02 INFO  Root:84 - Web Base Program Start
2024-11-25 10:08:23 INFO  Root:84 - Web Base Program Start
2024-11-25 10:17:19 INFO  Root:84 - Web Base Program Start
2024-12-01 08:13:24 INFO  Root:84 - Web Base Program Start
2024-12-03 22:33:00 INFO  Root:84 - Web Base Program Start
2024-12-05 11:37:08 INFO  Root:84 - Web Base Program Start
2024-12-16 11:26:53 INFO  Root:84 - Web Base Program Start
2024-12-16 11:51:09 INFO  Root:84 - Web Base Program Start
2024-12-16 12:00:52 INFO  Root:84 - Web Base Program Start
2024-12-16 13:03:36 INFO  Root:84 - Web Base Program Start
<<<<<<< HEAD
=======
2024-12-16 17:49:48 INFO  Root:84 - Web Base Program Start
2024-12-17 09:19:03 INFO  Root:84 - Web Base Program Start
>>>>>>> 466edc90bd2a1cb1e1479d080c818a89e3e9abdd
2024-12-17 10:34:18 INFO  Root:84 - Web Base Program Start
2024-12-17 10:34:25 INFO  Root:84 - Web Base Program Start
2024-12-17 13:39:08 INFO  Root:84 - Web Base Program Start
2024-12-17 14:35:57 INFO  Root:84 - Web Base Program Start
2024-12-17 16:09:00 INFO  Root:84 - Web Base Program Start
2024-12-18 06:39:42 INFO  Root:84 - Web Base Program Start
2024-12-18 08:15:41 INFO  Root:84 - Web Base Program Start
2024-12-19 11:06:24 INFO  Root:84 - Web Base Program Start
2024-12-19 11:49:58 INFO  Root:84 - Web Base Program Start
2024-12-19 11:50:42 INFO  Root:84 - Web Base Program Start
2024-12-19 11:51:26 INFO  Root:84 - Web Base Program Start
2024-12-19 21:41:14 INFO  Root:84 - Web Base Program Start
2024-12-20 10:41:10 INFO  Root:84 - Web Base Program Start
2024-12-20 17:04:18 INFO  Root:84 - Web Base Program Start
2024-12-20 21:10:44 INFO  Root:84 - Web Base Program Start
2024-12-23 10:55:09 INFO  Root:84 - Web Base Program Start
2024-12-23 16:29:17 INFO  Root:84 - Web Base Program Start
2024-12-23 16:29:40 INFO  Root:84 - Web Base Program Start
2024-12-23 18:48:42 INFO  Root:84 - Web Base Program Start
2024-12-23 18:50:37 INFO  Root:84 - Web Base Program Start
2024-12-23 18:54:41 INFO  Root:84 - Web Base Program Start
2024-12-23 18:55:03 INFO  Root:84 - Web Base Program Start
2024-12-23 18:56:50 INFO  Root:84 - Web Base Program Start
2024-12-23 18:56:52 INFO  Root:84 - Web Base Program Start
2024-12-23 21:47:49 INFO  Root:84 - Web Base Program Start
2024-12-23 22:04:26 INFO  Root:84 - Web Base Program Start
2024-12-23 22:06:25 INFO  Root:84 - Web Base Program Start
2024-12-23 22:08:08 INFO  Root:84 - Web Base Program Start
2024-12-23 22:09:31 INFO  Root:84 - Web Base Program Start
2024-12-23 22:11:17 INFO  Root:84 - Web Base Program Start
2024-12-23 22:13:11 INFO  Root:84 - Web Base Program Start
2024-12-24 11:01:07 INFO  Root:84 - Web Base Program Start
2024-12-24 11:03:00 INFO  Root:84 - Web Base Program Start
2024-12-24 16:00:06 INFO  Root:84 - Web Base Program Start
2024-12-24 16:31:53 INFO  Root:84 - Web Base Program Start
2024-12-27 10:49:09 INFO  Root:84 - Web Base Program Start
2024-12-27 10:52:50 INFO  Root:84 - Web Base Program Start
2024-12-27 11:18:08 INFO  Root:84 - Web Base Program Start
<<<<<<< HEAD
2024-12-28 23:12:19 INFO  Root:84 - Web Base Program Start
2024-12-28 23:13:24 INFO  Root:84 - Web Base Program Start
2024-12-28 23:13:55 INFO  Root:84 - Web Base Program Start
2024-12-28 23:15:30 INFO  Root:84 - Web Base Program Start
2024-12-28 23:19:43 INFO  Root:84 - Web Base Program Start
2024-12-29 09:05:10 INFO  Root:84 - Web Base Program Start
=======
2025-01-02 11:41:00 INFO  Root:84 - Web Base Program Start
2025-01-02 15:47:29 INFO  Root:84 - Web Base Program Start
2025-01-02 15:57:39 INFO  Root:84 - Web Base Program Start
2025-01-02 15:57:42 INFO  Root:84 - Web Base Program Start
2025-01-02 16:03:45 INFO  Root:84 - Web Base Program Start
2025-01-02 16:15:26 INFO  Root:84 - Web Base Program Start
2025-01-02 16:23:19 INFO  Root:84 - Web Base Program Start
2025-01-02 16:26:12 INFO  Root:84 - Web Base Program Start
2025-01-02 16:28:43 INFO  Root:84 - Web Base Program Start
2025-01-02 16:30:54 INFO  Root:84 - Web Base Program Start
2025-01-02 16:37:40 INFO  Root:84 - Web Base Program Start
2025-01-03 10:07:19 INFO  Root:84 - Web Base Program Start
2025-01-03 13:49:21 INFO  Root:84 - Web Base Program Start
2025-01-03 14:04:49 INFO  Root:84 - Web Base Program Start
>>>>>>> 0b6b8b59168817aa8242788b42136af66048205d
2025-01-04 07:45:16 INFO  Root:84 - Web Base Program Start
2025-01-05 11:37:17 INFO  Root:84 - Web Base Program Start
2025-01-06 10:11:19 INFO  Root:84 - Web Base Program Start
2025-01-06 22:01:24 INFO  Root:84 - Web Base Program Start
2025-01-06 22:02:25 INFO  Root:84 - Web Base Program Start
2025-01-07 11:19:35 INFO  Root:84 - Web Base Program Start
2025-01-07 12:18:30 INFO  Root:84 - Web Base Program Start
2025-01-07 22:31:05 INFO  Root:84 - Web Base Program Start
2025-01-08 11:13:52 INFO  Root:84 - Web Base Program Start
2025-01-09 10:56:24 INFO  Root:84 - Web Base Program Start
2025-01-09 17:49:24 INFO  Root:84 - Web Base Program Start
2025-01-09 22:24:20 INFO  Root:84 - Web Base Program Start
2025-01-10 10:13:51 INFO  Root:84 - Web Base Program Start
2025-01-10 10:14:11 INFO  Root:84 - Web Base Program Start
2025-01-10 20:55:56 INFO  Root:84 - Web Base Program Start
2025-01-10 20:56:22 INFO  Root:84 - Web Base Program Start
2025-01-12 22:23:02 INFO  Root:84 - Web Base Program Start
2025-01-13 06:52:57 INFO  Root:84 - Web Base Program Start
2025-01-13 10:58:10 INFO  Root:84 - Web Base Program Start
2025-01-13 16:08:17 INFO  Root:84 - Web Base Program Start
2025-01-13 22:10:41 INFO  Root:84 - Web Base Program Start
2025-01-13 22:11:31 INFO  Root:84 - Web Base Program Start
2025-01-14 11:02:07 INFO  Root:84 - Web Base Program Start
2025-01-14 11:02:44 INFO  Root:84 - Web Base Program Start
2025-01-14 21:56:11 INFO  Root:84 - Web Base Program Start
2025-01-15 10:04:02 INFO  Root:84 - Web Base Program Start
2025-01-15 10:05:17 INFO  Root:84 - Web Base Program Start
2025-01-15 16:51:39 INFO  Root:84 - Web Base Program Start
2025-01-16 10:49:53 INFO  Root:84 - Web Base Program Start
2025-01-16 21:04:27 INFO  Root:84 - Web Base Program Start
2025-01-17 10:59:11 INFO  Root:84 - Web Base Program Start
2025-01-17 23:19:03 INFO  Root:84 - Web Base Program Start
2025-01-19 11:28:18 INFO  Root:84 - Web Base Program Start
2025-01-19 11:28:20 INFO  Root:84 - Web Base Program Start
2025-01-20 11:24:21 INFO  Root:84 - Web Base Program Start
2025-01-21 11:51:08 INFO  Root:84 - Web Base Program Start
2025-01-22 11:04:02 INFO  Root:84 - Web Base Program Start
2025-01-22 21:11:50 INFO  Root:84 - Web Base Program Start
2025-01-22 21:14:29 INFO  Root:84 - Web Base Program Start
2025-01-23 21:49:32 INFO  Root:84 - Web Base Program Start
